Connected to the target VM, address: '127.0.0.1:52492', transport: 'socket'
Feb 08, 2019 10:34:23 PM java.util.logging.LogManager$RootLogger log
WARNING: Failed to resolve default logging config file: config/java.util.logging.properties
[22:34:23]    __________  ________________
[22:34:23]   /  _/ ___/ |/ /  _/_  __/ __/
[22:34:23]  _/ // (7 7    // /  / / / _/
[22:34:23] /___/\___/_/|_/___/ /_/ /___/
[22:34:23]
[22:34:23] ver. 2.7.0#20181130-sha1:256ae401
[22:34:23] 2018 Copyright(C) Apache Software Foundation
[22:34:23]
[22:34:23] Ignite documentation: http://ignite.apache.org
[22:34:23]
[22:34:23] Quiet mode.
[22:34:23]   ^-- Logging by 'JavaLogger [quiet=true, config=null]'
[22:34:23]   ^-- To see **FULL** console log here add -DIGNITE_QUIET=false or "-v" to ignite.{sh|bat}
[22:34:23]
[22:34:23] OS: Mac OS X 10.14.2 x86_64
[22:34:23] VM information: Java(TM) SE Runtime Environment 1.8.0_202-b08 Oracle Corporation Java HotSpot(TM) 64-Bit Server VM 25.202-b08
[22:34:23] Please set system property '-Djava.net.preferIPv4Stack=true' to avoid possible problems in mixed environments.
[22:34:23] Initial heap size is 128MB (should be no less than 512MB, use -Xms512m -Xmx512m).
[22:34:24] Configured plugins:
[22:34:24]   ^-- None
[22:34:24]
[22:34:24] Configured failure handler: [hnd=StopNodeOrHaltFailureHandler [tryStop=false, timeout=0, super=AbstractFailureHandler [ignoredFailureTypes=[SYSTEM_WORKER_BLOCKED]]]]
[22:34:24] Message queue limit is set to 0 which may lead to potential OOMEs when running cache operations in FULL_ASYNC or PRIMARY_SYNC modes due to message queues growth on sender and receiver sides.
[22:34:24] Security status [authentication=off, tls/ssl=off]
[22:34:25] REST protocols do not start on client node. To start the protocols on client node set '-DIGNITE_REST_START_ON_CLIENT=true' system property.
[22:34:25] Nodes started on local machine require more than 80% of physical RAM what can lead to significant slowdown due to swapping (please decrease JVM heap size, data region size or checkpoint buffer size) [required=18641MB, available=8192MB]
[22:34:25] Performance suggestions for grid  (fix if possible)
[22:34:25] To disable, set -DIGNITE_PERFORMANCE_SUGGESTIONS_DISABLED=true
[22:34:25]   ^-- Enable G1 Garbage Collector (add '-XX:+UseG1GC' to JVM options)
[22:34:25]   ^-- Specify JVM heap max size (add '-Xmx<size>[g|G|m|M|k|K]' to JVM options)
[22:34:25]   ^-- Set max direct memory size if getting 'OOME: Direct buffer memory' (add '-XX:MaxDirectMemorySize=<size>[g|G|m|M|k|K]' to JVM options)
[22:34:25]   ^-- Disable processing of calls to System.gc() (add '-XX:+DisableExplicitGC' to JVM options)
[22:34:25] Refer to this page for more performance suggestions: https://apacheignite.readme.io/docs/jvm-and-system-tuning
[22:34:25]
[22:34:25] To start Console Management & Monitoring run ignitevisorcmd.{sh|bat}
[22:34:25] Data Regions Configured:
[22:34:25]   ^-- default [initSize=256.0 MiB, maxSize=1.6 GiB, persistence=false]
[22:34:25]   ^-- test [initSize=256.0 MiB, maxSize=1.6 GiB, persistence=true]
[22:34:25]
[22:34:25] Ignite node started OK (id=bc53434f)
[22:34:25] >>> Ignite cluster is not active (limited functionality available). Use control.(sh|bat) script or IgniteCluster interface to activate.
[22:34:25] Topology snapshot [ver=4, locNode=bc53434f, servers=3, clients=1, state=INACTIVE, CPUs=4, offheap=13.0GB, heap=7.1GB]
Baseline: [Server1, Server2, Server3]
10000 records inserted
2019-02-08T22:34:40.216 :: [0] all=20000, primary=10000, backup=10000, query=10000
2019-02-08T22:34:50.395 :: [1] all=20000, primary=10000, backup=10000, query=10000
2019-02-08T22:35:00.562 :: [2] all=20000, primary=10000, backup=10000, query=10000
2019-02-08T22:35:10.709 :: [3] all=20000, primary=10000, backup=10000, query=10000
2019-02-08T22:35:20.778 :: [4] all=20000, primary=10000, backup=10000, query=10000
2019-02-08T22:35:30.917 :: [5] all=19346, primary=9677, backup=9669, query=9495
2019-02-08T22:35:40.933 :: [6] all=11, primary=7, backup=4, query=0
2019-02-08T22:35:50.949 :: [7] all=4, primary=0, backup=4, query=0
2019-02-08T22:36:00.969 :: [8] all=4, primary=0, backup=4, query=0
2019-02-08T22:36:10.988 :: [9] all=4, primary=0, backup=4, query=0
2019-02-08T22:36:21.016 :: [10] all=4, primary=0, backup=4, query=0
2019-02-08T22:36:31.037 :: [11] all=4, primary=0, backup=4, query=0
2019-02-08T22:36:41.053 :: [12] all=4, primary=0, backup=4, query=0
2019-02-08T22:36:51.085 :: [13] all=4, primary=0, backup=4, query=0
2019-02-08T22:37:01.103 :: [14] all=4, primary=0, backup=4, query=0
2019-02-08T22:37:11.134 :: [15] all=4, primary=0, backup=4, query=0
2019-02-08T22:37:21.152 :: [16] all=4, primary=0, backup=4, query=0
2019-02-08T22:37:31.172 :: [17] all=4, primary=0, backup=4, query=0
2019-02-08T22:37:41.189 :: [18] all=4, primary=0, backup=4, query=0
2019-02-08T22:37:51.205 :: [19] all=4, primary=0, backup=4, query=0
2019-02-08T22:38:01.241 :: [20] all=4, primary=0, backup=4, query=0
2019-02-08T22:38:11.262 :: [21] all=4, primary=0, backup=4, query=0
2019-02-08T22:38:21.279 :: [22] all=4, primary=0, backup=4, query=0
2019-02-08T22:38:31.307 :: [23] all=4, primary=0, backup=4, query=0
2019-02-08T22:38:41.322 :: [24] all=4, primary=0, backup=4, query=0
2019-02-08T22:38:51.346 :: [25] all=4, primary=0, backup=4, query=0
2019-02-08T22:39:01.369 :: [26] all=4, primary=0, backup=4, query=0
2019-02-08T22:39:11.384 :: [27] all=4, primary=0, backup=4, query=0
2019-02-08T22:39:21.400 :: [28] all=4, primary=0, backup=4, query=0
2019-02-08T22:39:31.414 :: [29] all=4, primary=0, backup=4, query=0
2019-02-08T22:39:41.429 :: [30] all=4, primary=0, backup=4, query=0
2019-02-08T22:39:51.449 :: [31] all=4, primary=0, backup=4, query=0
2019-02-08T22:40:01.463 :: [32] all=4, primary=0, backup=4, query=0
2019-02-08T22:40:11.475 :: [33] all=4, primary=0, backup=4, query=0
2019-02-08T22:40:21.498 :: [34] all=4, primary=0, backup=4, query=0
2019-02-08T22:40:31.512 :: [35] all=4, primary=0, backup=4, query=0
2019-02-08T22:40:41.525 :: [36] all=4, primary=0, backup=4, query=0
2019-02-08T22:40:51.546 :: [37] all=4, primary=0, backup=4, query=0
2019-02-08T22:41:01.564 :: [38] all=4, primary=0, backup=4, query=0
2019-02-08T22:41:11.583 :: [39] all=4, primary=0, backup=4, query=0
2019-02-08T22:41:21.604 :: [40] all=4, primary=0, backup=4, query=0
2019-02-08T22:41:31.624 :: [41] all=4, primary=0, backup=4, query=0
2019-02-08T22:41:41.643 :: [42] all=4, primary=0, backup=4, query=0
2019-02-08T22:41:51.665 :: [43] all=4, primary=0, backup=4, query=0
2019-02-08T22:42:01.682 :: [44] all=4, primary=0, backup=4, query=0
2019-02-08T22:42:11.692 :: [45] all=4, primary=0, backup=4, query=0
Disconnected from the target VM, address: '127.0.0.1:52492', transport: 'socket'
[22:42:20] Ignite node stopped OK [uptime=00:07:55.508]

Process finished with exit code 130 (interrupted by signal 2: SIGINT)
