Feb 08, 2019 10:33:31 PM java.util.logging.LogManager$RootLogger log
WARNING: Failed to resolve default logging config file: config/java.util.logging.properties
[22:33:31]    __________  ________________
[22:33:31]   /  _/ ___/ |/ /  _/_  __/ __/
[22:33:31]  _/ // (7 7    // /  / / / _/
[22:33:31] /___/\___/_/|_/___/ /_/ /___/
[22:33:31]
[22:33:31] ver. 2.7.0#20181130-sha1:256ae401
[22:33:31] 2018 Copyright(C) Apache Software Foundation
[22:33:31]
[22:33:31] Ignite documentation: http://ignite.apache.org
[22:33:31]
[22:33:31] Quiet mode.
[22:33:31]   ^-- Logging by 'JavaLogger [quiet=true, config=null]'
[22:33:31]   ^-- To see **FULL** console log here add -DIGNITE_QUIET=false or "-v" to ignite.{sh|bat}
[22:33:31]
[22:33:31] OS: Mac OS X 10.14.2 x86_64
[22:33:31] VM information: Java(TM) SE Runtime Environment 1.8.0_202-b08 Oracle Corporation Java HotSpot(TM) 64-Bit Server VM 25.202-b08
[22:33:31] Please set system property '-Djava.net.preferIPv4Stack=true' to avoid possible problems in mixed environments.
[22:33:31] Initial heap size is 128MB (should be no less than 512MB, use -Xms512m -Xmx512m).
[22:33:32] Configured plugins:
[22:33:32]   ^-- None
[22:33:32]
[22:33:32] Configured failure handler: [hnd=StopNodeOrHaltFailureHandler [tryStop=false, timeout=0, super=AbstractFailureHandler [ignoredFailureTypes=[SYSTEM_WORKER_BLOCKED]]]]
[22:33:32] Message queue limit is set to 0 which may lead to potential OOMEs when running cache operations in FULL_ASYNC or PRIMARY_SYNC modes due to message queues growth on sender and receiver sides.
[22:33:32] Security status [authentication=off, tls/ssl=off]
[22:33:32] Automatically adjusted max WAL archive size to 1.6 GiB (to override, use DataStorageConfiguration.setMaxWalArhiveSize)
[22:33:33] Nodes started on local machine require more than 80% of physical RAM what can lead to significant slowdown due to swapping (please decrease JVM heap size, data region size or checkpoint buffer size) [required=16820MB, available=8192MB]
[22:33:33] Performance suggestions for grid  (fix if possible)
[22:33:33] To disable, set -DIGNITE_PERFORMANCE_SUGGESTIONS_DISABLED=true
[22:33:33]   ^-- Enable G1 Garbage Collector (add '-XX:+UseG1GC' to JVM options)
[22:33:33]   ^-- Specify JVM heap max size (add '-Xmx<size>[g|G|m|M|k|K]' to JVM options)
[22:33:33]   ^-- Set max direct memory size if getting 'OOME: Direct buffer memory' (add '-XX:MaxDirectMemorySize=<size>[g|G|m|M|k|K]' to JVM options)
[22:33:33]   ^-- Disable processing of calls to System.gc() (add '-XX:+DisableExplicitGC' to JVM options)
[22:33:33] Refer to this page for more performance suggestions: https://apacheignite.readme.io/docs/jvm-and-system-tuning
[22:33:33]
[22:33:33] To start Console Management & Monitoring run ignitevisorcmd.{sh|bat}
[22:33:33] Data Regions Configured:
[22:33:33]   ^-- default [initSize=256.0 MiB, maxSize=1.6 GiB, persistence=false]
[22:33:33]   ^-- test [initSize=256.0 MiB, maxSize=1.6 GiB, persistence=true]
[22:33:33]
[22:33:33] Ignite node started OK (id=f493163b)
[22:33:33] >>> Ignite cluster is not active (limited functionality available). Use control.(sh|bat) script or IgniteCluster interface to activate.
[22:33:33] Topology snapshot [ver=3, locNode=f493163b, servers=3, clients=0, state=INACTIVE, CPUs=4, offheap=9.6GB, heap=5.3GB]
[22:34:25] Topology snapshot [ver=4, locNode=f493163b, servers=3, clients=1, state=INACTIVE, CPUs=4, offheap=13.0GB, heap=7.1GB]
[22:34:25] Automatically adjusted max WAL archive size to 1.6 GiB (to override, use DataStorageConfiguration.setMaxWalArhiveSize)
[22:42:20] Topology snapshot [ver=5, locNode=f493163b, servers=3, clients=0, state=ACTIVE, CPUs=4, offheap=9.6GB, heap=5.3GB]
[22:42:20]   ^-- Baseline [id=0, size=3, online=3, offline=0]
[22:42:24] Ignite node stopped OK [uptime=00:08:50.784]

Process finished with exit code 130 (interrupted by signal 2: SIGINT)
