Feb 08, 2019 10:33:29 PM java.util.logging.LogManager$RootLogger log
WARNING: Failed to resolve default logging config file: config/java.util.logging.properties
[22:33:29]    __________  ________________
[22:33:29]   /  _/ ___/ |/ /  _/_  __/ __/
[22:33:29]  _/ // (7 7    // /  / / / _/
[22:33:29] /___/\___/_/|_/___/ /_/ /___/
[22:33:29]
[22:33:29] ver. 2.7.0#20181130-sha1:256ae401
[22:33:29] 2018 Copyright(C) Apache Software Foundation
[22:33:29]
[22:33:29] Ignite documentation: http://ignite.apache.org
[22:33:29]
[22:33:29] Quiet mode.
[22:33:29]   ^-- Logging by 'JavaLogger [quiet=true, config=null]'
[22:33:29]   ^-- To see **FULL** console log here add -DIGNITE_QUIET=false or "-v" to ignite.{sh|bat}
[22:33:29]
[22:33:29] OS: Mac OS X 10.14.2 x86_64
[22:33:29] VM information: Java(TM) SE Runtime Environment 1.8.0_202-b08 Oracle Corporation Java HotSpot(TM) 64-Bit Server VM 25.202-b08
[22:33:29] Please set system property '-Djava.net.preferIPv4Stack=true' to avoid possible problems in mixed environments.
[22:33:29] Initial heap size is 128MB (should be no less than 512MB, use -Xms512m -Xmx512m).
[22:33:29] Configured plugins:
[22:33:29]   ^-- None
[22:33:29]
[22:33:29] Configured failure handler: [hnd=StopNodeOrHaltFailureHandler [tryStop=false, timeout=0, super=AbstractFailureHandler [ignoredFailureTypes=[SYSTEM_WORKER_BLOCKED]]]]
[22:33:30] Message queue limit is set to 0 which may lead to potential OOMEs when running cache operations in FULL_ASYNC or PRIMARY_SYNC modes due to message queues growth on sender and receiver sides.
[22:33:30] Security status [authentication=off, tls/ssl=off]
[22:33:30] Automatically adjusted max WAL archive size to 1.6 GiB (to override, use DataStorageConfiguration.setMaxWalArhiveSize)
[22:33:31] Nodes started on local machine require more than 80% of physical RAM what can lead to significant slowdown due to swapping (please decrease JVM heap size, data region size or checkpoint buffer size) [required=11213MB, available=8192MB]
[22:33:31] Performance suggestions for grid  (fix if possible)
[22:33:31] To disable, set -DIGNITE_PERFORMANCE_SUGGESTIONS_DISABLED=true
[22:33:31]   ^-- Enable G1 Garbage Collector (add '-XX:+UseG1GC' to JVM options)
[22:33:31]   ^-- Specify JVM heap max size (add '-Xmx<size>[g|G|m|M|k|K]' to JVM options)
[22:33:31]   ^-- Set max direct memory size if getting 'OOME: Direct buffer memory' (add '-XX:MaxDirectMemorySize=<size>[g|G|m|M|k|K]' to JVM options)
[22:33:31]   ^-- Disable processing of calls to System.gc() (add '-XX:+DisableExplicitGC' to JVM options)
[22:33:31] Refer to this page for more performance suggestions: https://apacheignite.readme.io/docs/jvm-and-system-tuning
[22:33:31]
[22:33:31] To start Console Management & Monitoring run ignitevisorcmd.{sh|bat}
[22:33:31] Data Regions Configured:
[22:33:31]   ^-- default [initSize=256.0 MiB, maxSize=1.6 GiB, persistence=false]
[22:33:31]   ^-- test [initSize=256.0 MiB, maxSize=1.6 GiB, persistence=true]
[22:33:31]
[22:33:31] Ignite node started OK (id=85200d20)
[22:33:31] >>> Ignite cluster is not active (limited functionality available). Use control.(sh|bat) script or IgniteCluster interface to activate.
[22:33:31] Topology snapshot [ver=2, locNode=85200d20, servers=2, clients=0, state=INACTIVE, CPUs=4, offheap=6.4GB, heap=3.6GB]
[22:33:33] Topology snapshot [ver=3, locNode=85200d20, servers=3, clients=0, state=INACTIVE, CPUs=4, offheap=9.6GB, heap=5.3GB]
[22:34:25] Topology snapshot [ver=4, locNode=85200d20, servers=3, clients=1, state=INACTIVE, CPUs=4, offheap=13.0GB, heap=7.1GB]
[22:34:25] Automatically adjusted max WAL archive size to 1.6 GiB (to override, use DataStorageConfiguration.setMaxWalArhiveSize)
[22:42:20] Topology snapshot [ver=5, locNode=85200d20, servers=3, clients=0, state=ACTIVE, CPUs=4, offheap=9.6GB, heap=5.3GB]
[22:42:20]   ^-- Baseline [id=0, size=3, online=3, offline=0]
[22:42:24] Topology snapshot [ver=6, locNode=85200d20, servers=2, clients=0, state=ACTIVE, CPUs=4, offheap=6.4GB, heap=3.6GB]
[22:42:24]   ^-- Baseline [id=0, size=3, online=2, offline=1]
[22:42:27] Topology snapshot [ver=7, locNode=85200d20, servers=1, clients=0, state=ACTIVE, CPUs=4, offheap=3.2GB, heap=1.8GB]
[22:42:27] Coordinator changed [prev=TcpDiscoveryNode [id=c7e537ed-2e41-4e59-951f-0f25d0977b4a, addrs=[0:0:0:0:0:0:0:1%lo0, 127.0.0.1, 192.168.1.64], sockAddrs=[/192.168.1.64:47500, /0:0:0:0:0:0:0:1%lo0:47500, /127.0.0.1:47500], discPort=47500, order=1, intOrder=1, lastExchangeTime=1549654411667, loc=false, ver=2.7.0#20181130-sha1:256ae401, isClient=false], cur=TcpDiscoveryNode [id=85200d20-1391-4cde-b126-fa2e0196b031, addrs=[0:0:0:0:0:0:0:1%lo0, 127.0.0.1, 192.168.1.64], sockAddrs=[/192.168.1.64:47501, /0:0:0:0:0:0:0:1%lo0:47501, /127.0.0.1:47501], discPort=47501, order=2, intOrder=2, lastExchangeTime=1549654947526, loc=true, ver=2.7.0#20181130-sha1:256ae401, isClient=false]]
[22:42:27]   ^-- Baseline [id=0, size=3, online=1, offline=2]
[22:42:29] Ignite node stopped OK [uptime=00:08:57.878]

Process finished with exit code 130 (interrupted by signal 2: SIGINT)
